{
"contracts/CellEvolutionNewWorld.sol":{"l":{"24":18,"25":18,"26":18,"27":18,"28":18,"32":11,"36":1,"40":4,"41":3,"42":3,"46":2,"47":1,"48":1,"52":2,"53":1,"54":1,"58":2,"59":1,"60":1,"64":2,"65":1,"66":1,"70":10,"71":9,"72":9,"76":2,"77":1,"78":1,"93":4,"95":3,"96":2,"98":1,"99":1,"101":1,"102":1,"104":1,"105":1,"106":1,"107":1,"108":1,"109":1,"110":1,"111":1,"112":1,"113":1,"115":1,"116":1,"117":1,"118":1,"119":1,"120":1,"121":1,"122":1,"123":1,"124":1,"126":1,"127":1,"128":1,"129":1,"130":1,"131":1,"132":1,"133":1,"134":1,"135":1,"136":1,"137":1,"138":1,"139":1,"140":1,"141":1,"142":1,"143":1,"144":1,"145":1,"146":1,"147":1,"149":1,"155":1,"159":1,"160":1,"164":8,"165":8,"166":5,"168":1,"170":2,"172":8,"173":5,"175":1,"177":2,"179":8,"180":5,"182":1,"184":2,"186":8,"187":5,"189":1,"191":2,"193":8,"194":5,"199":1,"204":2,"210":8,"211":8,"212":1,"215":8,"216":5,"218":8,"224":1,"226":8,"232":1,"234":8,"240":1,"243":8,"244":8,"249":1,"251":8,"252":0,"255":8,"256":8,"260":3,"261":3,"262":1,"264":1,"266":1,"268":3,"269":1,"271":1,"273":1,"275":3,"276":1,"278":1,"280":1,"283":3,"284":3,"293":4,"295":2,"296":2,"307":1,"308":1,"309":1,"310":1,"311":1,"314":4,"319":17,"323":62,"324":62,"325":62,"326":62,"327":62,"328":62,"329":62,"330":62,"334":1,"336":1,"337":1,"338":1,"339":1,"340":20,"341":20,"343":1},"path":"/home/shen/github/cell-evolution-all/packages/cell-evolution-contracts/contracts/CellEvolutionNewWorld.sol","s":{"1":18,"2":18,"3":18,"4":18,"5":18,"6":11,"7":1,"8":4,"9":3,"10":3,"11":2,"12":1,"13":1,"14":2,"15":1,"16":1,"17":2,"18":1,"19":1,"20":2,"21":1,"22":1,"23":10,"24":9,"25":9,"26":2,"27":1,"28":1,"29":4,"30":3,"31":2,"32":1,"33":1,"34":1,"35":1,"36":1,"37":1,"38":1,"39":1,"40":1,"41":1,"42":1,"43":1,"44":1,"45":1,"46":1,"47":1,"48":1,"49":1,"50":1,"51":1,"52":1,"53":1,"54":1,"55":1,"56":1,"57":1,"58":1,"59":1,"60":1,"61":1,"62":1,"63":1,"64":1,"65":1,"66":1,"67":1,"68":1,"69":1,"70":1,"71":1,"72":1,"73":1,"74":1,"75":1,"76":1,"77":1,"78":1,"79":1,"80":8,"81":8,"82":5,"83":3,"84":1,"85":2,"86":8,"87":5,"88":3,"89":1,"90":2,"91":8,"92":5,"93":3,"94":1,"95":2,"96":8,"97":5,"98":3,"99":1,"100":2,"101":8,"102":5,"103":3,"104":1,"105":2,"106":8,"107":8,"108":1,"109":8,"110":5,"111":8,"112":1,"113":8,"114":1,"115":8,"116":1,"117":8,"118":8,"119":1,"120":8,"121":0,"122":8,"123":8,"124":3,"125":3,"126":1,"127":2,"128":1,"129":1,"130":3,"131":1,"132":2,"133":1,"134":1,"135":3,"136":1,"137":2,"138":1,"139":1,"140":3,"141":3,"142":4,"143":2,"144":2,"145":1,"146":1,"147":1,"148":1,"149":4,"150":17,"151":62,"152":62,"153":62,"154":62,"155":62,"156":62,"157":2881,"158":62,"159":809,"160":62,"161":1,"162":1,"163":1,"164":1,"165":1,"166":20,"167":20,"168":1},"b":{"1":[3,1],"2":[1,1],"3":[1,1],"4":[1,1],"5":[1,1],"6":[9,1],"7":[1,1],"8":[3,1],"9":[2,1],"10":[1,1],"11":[5,3],"12":[1,2],"13":[5,3],"14":[1,2],"15":[5,3],"16":[1,2],"17":[5,3],"18":[1,2],"19":[5,3],"20":[1,2],"21":[1,7],"22":[5,3],"23":[1,7],"24":[1,7],"25":[1,7],"26":[1,7],"27":[0,8],"28":[1,2],"29":[1,1],"30":[1,2],"31":[1,1],"32":[1,2],"33":[1,1],"34":[2,2],"35":[1,1]},"f":{"1":18,"2":11,"3":1,"4":4,"5":2,"6":2,"7":2,"8":2,"9":10,"10":2,"11":4,"12":1,"13":8,"14":3,"15":4,"16":17,"17":62,"18":1},"fnMap":{"1":{"name":"constructor","line":23,"loc":{"start":{"line":23,"column":4},"end":{"line":29,"column":4}}},"2":{"name":"getCellHistory","line":31,"loc":{"start":{"line":31,"column":4},"end":{"line":33,"column":4}}},"3":{"name":"getCellDB","line":35,"loc":{"start":{"line":35,"column":4},"end":{"line":37,"column":4}}},"4":{"name":"setIsOpen","line":39,"loc":{"start":{"line":39,"column":4},"end":{"line":43,"column":4}}},"5":{"name":"setCellno","line":45,"loc":{"start":{"line":45,"column":4},"end":{"line":49,"column":4}}},"6":{"name":"sethistoryno","line":51,"loc":{"start":{"line":51,"column":4},"end":{"line":55,"column":4}}},"7":{"name":"setVersion","line":57,"loc":{"start":{"line":57,"column":4},"end":{"line":61,"column":4}}},"8":{"name":"setHomeworld","line":63,"loc":{"start":{"line":63,"column":4},"end":{"line":67,"column":4}}},"9":{"name":"writeworld","line":69,"loc":{"start":{"line":69,"column":4},"end":{"line":73,"column":4}}},"10":{"name":"writecell","line":75,"loc":{"start":{"line":75,"column":4},"end":{"line":79,"column":4}}},"11":{"name":"dnamerge","line":81,"loc":{"start":{"line":81,"column":4},"end":{"line":156,"column":4}}},"12":{"name":"newinheritance","line":158,"loc":{"start":{"line":158,"column":4},"end":{"line":161,"column":4}}},"13":{"name":"worldtitlecheck","line":163,"loc":{"start":{"line":163,"column":4},"end":{"line":257,"column":4}}},"14":{"name":"inheritance","line":259,"loc":{"start":{"line":259,"column":4},"end":{"line":285,"column":4}}},"15":{"name":"checkdeath","line":287,"loc":{"start":{"line":287,"column":4},"end":{"line":315,"column":4}}},"16":{"name":"randomize","line":318,"loc":{"start":{"line":318,"column":4},"end":{"line":320,"column":4}}},"17":{"name":"strConcat","line":322,"loc":{"start":{"line":322,"column":4},"end":{"line":331,"column":4}}},"18":{"name":"toString","line":333,"loc":{"start":{"line":333,"column":4},"end":{"line":344,"column":4}}}},"statementMap":{"1":{"start":{"line":24,"column":8},"end":{"line":24,"column":26}},"2":{"start":{"line":25,"column":8},"end":{"line":25,"column":20}},"3":{"start":{"line":26,"column":8},"end":{"line":26,"column":20}},"4":{"start":{"line":27,"column":8},"end":{"line":27,"column":18}},"5":{"start":{"line":28,"column":8},"end":{"line":28,"column":27}},"6":{"start":{"line":32,"column":8},"end":{"line":32,"column":43}},"7":{"start":{"line":36,"column":8},"end":{"line":36,"column":33}},"8":{"start":{"line":40,"column":8},"end":{"line":40,"column":50}},"9":{"start":{"line":41,"column":8},"end":{"line":41,"column":23}},"10":{"start":{"line":42,"column":8},"end":{"line":42,"column":19}},"11":{"start":{"line":46,"column":8},"end":{"line":46,"column":50}},"12":{"start":{"line":47,"column":8},"end":{"line":47,"column":26}},"13":{"start":{"line":48,"column":8},"end":{"line":48,"column":19}},"14":{"start":{"line":52,"column":8},"end":{"line":52,"column":50}},"15":{"start":{"line":53,"column":8},"end":{"line":53,"column":29}},"16":{"start":{"line":54,"column":8},"end":{"line":54,"column":19}},"17":{"start":{"line":58,"column":8},"end":{"line":58,"column":50}},"18":{"start":{"line":59,"column":8},"end":{"line":59,"column":27}},"19":{"start":{"line":60,"column":8},"end":{"line":60,"column":19}},"20":{"start":{"line":64,"column":8},"end":{"line":64,"column":50}},"21":{"start":{"line":65,"column":8},"end":{"line":65,"column":52}},"22":{"start":{"line":66,"column":8},"end":{"line":66,"column":19}},"23":{"start":{"line":70,"column":8},"end":{"line":70,"column":50}},"24":{"start":{"line":71,"column":8},"end":{"line":71,"column":43}},"25":{"start":{"line":72,"column":8},"end":{"line":72,"column":19}},"26":{"start":{"line":76,"column":8},"end":{"line":76,"column":50}},"27":{"start":{"line":77,"column":8},"end":{"line":77,"column":36}},"28":{"start":{"line":78,"column":8},"end":{"line":78,"column":19}},"29":{"start":{"line":93,"column":8},"end":{"line":93,"column":50}},"30":{"start":{"line":95,"column":8},"end":{"line":95,"column":36}},"31":{"start":{"line":96,"column":8},"end":{"line":96,"column":52}},"32":{"start":{"line":98,"column":8},"end":{"line":98,"column":42}},"33":{"start":{"line":101,"column":8},"end":{"line":101,"column":28}},"34":{"start":{"line":102,"column":8},"end":{"line":102,"column":34}},"35":{"start":{"line":104,"column":8},"end":{"line":104,"column":36}},"36":{"start":{"line":105,"column":8},"end":{"line":105,"column":40}},"37":{"start":{"line":106,"column":8},"end":{"line":106,"column":52}},"38":{"start":{"line":107,"column":8},"end":{"line":107,"column":40}},"39":{"start":{"line":108,"column":8},"end":{"line":108,"column":46}},"40":{"start":{"line":109,"column":8},"end":{"line":109,"column":30}},"41":{"start":{"line":110,"column":8},"end":{"line":110,"column":44}},"42":{"start":{"line":111,"column":8},"end":{"line":111,"column":44}},"43":{"start":{"line":112,"column":8},"end":{"line":112,"column":38}},"44":{"start":{"line":113,"column":8},"end":{"line":113,"column":37}},"45":{"start":{"line":115,"column":8},"end":{"line":115,"column":45}},"46":{"start":{"line":116,"column":8},"end":{"line":116,"column":83}},"47":{"start":{"line":117,"column":8},"end":{"line":117,"column":89}},"48":{"start":{"line":118,"column":8},"end":{"line":118,"column":107}},"49":{"start":{"line":119,"column":8},"end":{"line":119,"column":89}},"50":{"start":{"line":120,"column":8},"end":{"line":120,"column":98}},"51":{"start":{"line":121,"column":8},"end":{"line":121,"column":74}},"52":{"start":{"line":122,"column":8},"end":{"line":122,"column":95}},"53":{"start":{"line":123,"column":8},"end":{"line":123,"column":64}},"54":{"start":{"line":124,"column":8},"end":{"line":124,"column":46}},"55":{"start":{"line":126,"column":8},"end":{"line":126,"column":105}},"56":{"start":{"line":127,"column":8},"end":{"line":127,"column":94}},"57":{"start":{"line":128,"column":8},"end":{"line":128,"column":123}},"58":{"start":{"line":129,"column":8},"end":{"line":129,"column":94}},"59":{"start":{"line":130,"column":8},"end":{"line":130,"column":109}},"60":{"start":{"line":131,"column":8},"end":{"line":131,"column":94}},"61":{"start":{"line":132,"column":8},"end":{"line":132,"column":111}},"62":{"start":{"line":133,"column":8},"end":{"line":133,"column":94}},"63":{"start":{"line":134,"column":8},"end":{"line":134,"column":117}},"64":{"start":{"line":135,"column":8},"end":{"line":135,"column":94}},"65":{"start":{"line":136,"column":8},"end":{"line":136,"column":111}},"66":{"start":{"line":137,"column":8},"end":{"line":137,"column":94}},"67":{"start":{"line":138,"column":8},"end":{"line":138,"column":114}},"68":{"start":{"line":139,"column":8},"end":{"line":139,"column":94}},"69":{"start":{"line":140,"column":8},"end":{"line":140,"column":106}},"70":{"start":{"line":141,"column":8},"end":{"line":141,"column":94}},"71":{"start":{"line":142,"column":8},"end":{"line":142,"column":113}},"72":{"start":{"line":143,"column":8},"end":{"line":143,"column":94}},"73":{"start":{"line":144,"column":8},"end":{"line":144,"column":102}},"74":{"start":{"line":145,"column":8},"end":{"line":145,"column":94}},"75":{"start":{"line":146,"column":8},"end":{"line":146,"column":111}},"76":{"start":{"line":147,"column":8},"end":{"line":147,"column":94}},"77":{"start":{"line":149,"column":8},"end":{"line":149,"column":6697}},"78":{"start":{"line":155,"column":8},"end":{"line":155,"column":19}},"79":{"start":{"line":160,"column":8},"end":{"line":160,"column":19}},"80":{"start":{"line":164,"column":8},"end":{"line":164,"column":102}},"81":{"start":{"line":165,"column":8},"end":{"line":165,"column":7227}},"82":{"start":{"line":166,"column":12},"end":{"line":166,"column":64}},"83":{"start":{"line":167,"column":15},"end":{"line":167,"column":7332}},"84":{"start":{"line":168,"column":12},"end":{"line":168,"column":53}},"85":{"start":{"line":170,"column":12},"end":{"line":170,"column":55}},"86":{"start":{"line":172,"column":8},"end":{"line":172,"column":7503}},"87":{"start":{"line":173,"column":12},"end":{"line":173,"column":117}},"88":{"start":{"line":174,"column":15},"end":{"line":174,"column":7692}},"89":{"start":{"line":175,"column":12},"end":{"line":175,"column":115}},"90":{"start":{"line":177,"column":12},"end":{"line":177,"column":112}},"91":{"start":{"line":179,"column":8},"end":{"line":179,"column":8013}},"92":{"start":{"line":180,"column":12},"end":{"line":180,"column":111}},"93":{"start":{"line":181,"column":15},"end":{"line":181,"column":8202}},"94":{"start":{"line":182,"column":12},"end":{"line":182,"column":113}},"95":{"start":{"line":184,"column":12},"end":{"line":184,"column":110}},"96":{"start":{"line":186,"column":8},"end":{"line":186,"column":8525}},"97":{"start":{"line":187,"column":12},"end":{"line":187,"column":115}},"98":{"start":{"line":188,"column":15},"end":{"line":188,"column":8712}},"99":{"start":{"line":189,"column":12},"end":{"line":189,"column":117}},"100":{"start":{"line":191,"column":12},"end":{"line":191,"column":114}},"101":{"start":{"line":193,"column":8},"end":{"line":193,"column":9037}},"102":{"start":{"line":194,"column":12},"end":{"line":194,"column":9103}},"103":{"start":{"line":198,"column":15},"end":{"line":198,"column":9278}},"104":{"start":{"line":199,"column":12},"end":{"line":199,"column":9343}},"105":{"start":{"line":204,"column":12},"end":{"line":204,"column":9538}},"106":{"start":{"line":210,"column":8},"end":{"line":210,"column":48}},"107":{"start":{"line":211,"column":8},"end":{"line":211,"column":9766}},"108":{"start":{"line":212,"column":12},"end":{"line":212,"column":41}},"109":{"start":{"line":215,"column":8},"end":{"line":215,"column":9914}},"110":{"start":{"line":216,"column":12},"end":{"line":216,"column":36}},"111":{"start":{"line":218,"column":8},"end":{"line":218,"column":10062}},"112":{"start":{"line":224,"column":12},"end":{"line":224,"column":42}},"113":{"start":{"line":226,"column":8},"end":{"line":226,"column":10435}},"114":{"start":{"line":232,"column":12},"end":{"line":232,"column":37}},"115":{"start":{"line":234,"column":8},"end":{"line":234,"column":10791}},"116":{"start":{"line":240,"column":12},"end":{"line":240,"column":36}},"117":{"start":{"line":243,"column":8},"end":{"line":243,"column":36}},"118":{"start":{"line":244,"column":8},"end":{"line":244,"column":11185}},"119":{"start":{"line":249,"column":12},"end":{"line":249,"column":36}},"120":{"start":{"line":251,"column":8},"end":{"line":251,"column":11480}},"121":{"start":{"line":252,"column":12},"end":{"line":252,"column":43}},"122":{"start":{"line":255,"column":8},"end":{"line":255,"column":100}},"123":{"start":{"line":256,"column":8},"end":{"line":256,"column":19}},"124":{"start":{"line":260,"column":8},"end":{"line":260,"column":60}},"125":{"start":{"line":261,"column":8},"end":{"line":261,"column":11869}},"126":{"start":{"line":262,"column":12},"end":{"line":262,"column":47}},"127":{"start":{"line":263,"column":15},"end":{"line":263,"column":11987}},"128":{"start":{"line":264,"column":12},"end":{"line":264,"column":46}},"129":{"start":{"line":266,"column":12},"end":{"line":266,"column":46}},"130":{"start":{"line":268,"column":8},"end":{"line":268,"column":12172}},"131":{"start":{"line":269,"column":12},"end":{"line":269,"column":47}},"132":{"start":{"line":270,"column":15},"end":{"line":270,"column":12296}},"133":{"start":{"line":271,"column":12},"end":{"line":271,"column":46}},"134":{"start":{"line":273,"column":12},"end":{"line":273,"column":46}},"135":{"start":{"line":275,"column":8},"end":{"line":275,"column":12487}},"136":{"start":{"line":276,"column":12},"end":{"line":276,"column":47}},"137":{"start":{"line":277,"column":15},"end":{"line":277,"column":12605}},"138":{"start":{"line":278,"column":12},"end":{"line":278,"column":46}},"139":{"start":{"line":280,"column":12},"end":{"line":280,"column":46}},"140":{"start":{"line":283,"column":8},"end":{"line":283,"column":42}},"141":{"start":{"line":284,"column":8},"end":{"line":284,"column":31}},"142":{"start":{"line":293,"column":8},"end":{"line":293,"column":13051}},"143":{"start":{"line":295,"column":12},"end":{"line":295,"column":87}},"144":{"start":{"line":296,"column":12},"end":{"line":296,"column":13202}},"145":{"start":{"line":307,"column":16},"end":{"line":307,"column":32}},"146":{"start":{"line":309,"column":16},"end":{"line":309,"column":53}},"147":{"start":{"line":310,"column":16},"end":{"line":310,"column":72}},"148":{"start":{"line":311,"column":16},"end":{"line":311,"column":69}},"149":{"start":{"line":314,"column":8},"end":{"line":314,"column":19}},"150":{"start":{"line":319,"column":8},"end":{"line":319,"column":98}},"151":{"start":{"line":323,"column":8},"end":{"line":323,"column":36}},"152":{"start":{"line":324,"column":8},"end":{"line":324,"column":36}},"153":{"start":{"line":325,"column":8},"end":{"line":325,"column":63}},"154":{"start":{"line":326,"column":8},"end":{"line":326,"column":38}},"155":{"start":{"line":327,"column":8},"end":{"line":327,"column":21}},"156":{"start":{"line":328,"column":8},"end":{"line":328,"column":67}},"157":{"start":{"line":328,"column":49},"end":{"line":328,"column":66}},"158":{"start":{"line":329,"column":8},"end":{"line":329,"column":67}},"159":{"start":{"line":329,"column":49},"end":{"line":329,"column":66}},"160":{"start":{"line":330,"column":8},"end":{"line":330,"column":26}},"161":{"start":{"line":334,"column":8},"end":{"line":334,"column":50}},"162":{"start":{"line":336,"column":8},"end":{"line":336,"column":57}},"163":{"start":{"line":337,"column":8},"end":{"line":337,"column":19}},"164":{"start":{"line":338,"column":8},"end":{"line":338,"column":19}},"165":{"start":{"line":339,"column":8},"end":{"line":339,"column":14859}},"166":{"start":{"line":340,"column":12},"end":{"line":340,"column":59}},"167":{"start":{"line":341,"column":12},"end":{"line":341,"column":61}},"168":{"start":{"line":343,"column":8},"end":{"line":343,"column":26}}},"branchMap":{"1":{"line":40,"type":"if","locations":[{"start":{"line":40,"column":8},"end":{"line":40,"column":8}},{"start":{"line":40,"column":8},"end":{"line":40,"column":8}}]},"2":{"line":46,"type":"if","locations":[{"start":{"line":46,"column":8},"end":{"line":46,"column":8}},{"start":{"line":46,"column":8},"end":{"line":46,"column":8}}]},"3":{"line":52,"type":"if","locations":[{"start":{"line":52,"column":8},"end":{"line":52,"column":8}},{"start":{"line":52,"column":8},"end":{"line":52,"column":8}}]},"4":{"line":58,"type":"if","locations":[{"start":{"line":58,"column":8},"end":{"line":58,"column":8}},{"start":{"line":58,"column":8},"end":{"line":58,"column":8}}]},"5":{"line":64,"type":"if","locations":[{"start":{"line":64,"column":8},"end":{"line":64,"column":8}},{"start":{"line":64,"column":8},"end":{"line":64,"column":8}}]},"6":{"line":70,"type":"if","locations":[{"start":{"line":70,"column":8},"end":{"line":70,"column":8}},{"start":{"line":70,"column":8},"end":{"line":70,"column":8}}]},"7":{"line":76,"type":"if","locations":[{"start":{"line":76,"column":8},"end":{"line":76,"column":8}},{"start":{"line":76,"column":8},"end":{"line":76,"column":8}}]},"8":{"line":93,"type":"if","locations":[{"start":{"line":93,"column":8},"end":{"line":93,"column":8}},{"start":{"line":93,"column":8},"end":{"line":93,"column":8}}]},"9":{"line":95,"type":"if","locations":[{"start":{"line":95,"column":8},"end":{"line":95,"column":8}},{"start":{"line":95,"column":8},"end":{"line":95,"column":8}}]},"10":{"line":96,"type":"if","locations":[{"start":{"line":96,"column":8},"end":{"line":96,"column":8}},{"start":{"line":96,"column":8},"end":{"line":96,"column":8}}]},"11":{"line":165,"type":"if","locations":[{"start":{"line":165,"column":8},"end":{"line":165,"column":8}},{"start":{"line":165,"column":8},"end":{"line":165,"column":8}}]},"12":{"line":167,"type":"if","locations":[{"start":{"line":167,"column":15},"end":{"line":167,"column":15}},{"start":{"line":167,"column":15},"end":{"line":167,"column":15}}]},"13":{"line":172,"type":"if","locations":[{"start":{"line":172,"column":8},"end":{"line":172,"column":8}},{"start":{"line":172,"column":8},"end":{"line":172,"column":8}}]},"14":{"line":174,"type":"if","locations":[{"start":{"line":174,"column":15},"end":{"line":174,"column":15}},{"start":{"line":174,"column":15},"end":{"line":174,"column":15}}]},"15":{"line":179,"type":"if","locations":[{"start":{"line":179,"column":8},"end":{"line":179,"column":8}},{"start":{"line":179,"column":8},"end":{"line":179,"column":8}}]},"16":{"line":181,"type":"if","locations":[{"start":{"line":181,"column":15},"end":{"line":181,"column":15}},{"start":{"line":181,"column":15},"end":{"line":181,"column":15}}]},"17":{"line":186,"type":"if","locations":[{"start":{"line":186,"column":8},"end":{"line":186,"column":8}},{"start":{"line":186,"column":8},"end":{"line":186,"column":8}}]},"18":{"line":188,"type":"if","locations":[{"start":{"line":188,"column":15},"end":{"line":188,"column":15}},{"start":{"line":188,"column":15},"end":{"line":188,"column":15}}]},"19":{"line":193,"type":"if","locations":[{"start":{"line":193,"column":8},"end":{"line":193,"column":8}},{"start":{"line":193,"column":8},"end":{"line":193,"column":8}}]},"20":{"line":198,"type":"if","locations":[{"start":{"line":198,"column":15},"end":{"line":198,"column":15}},{"start":{"line":198,"column":15},"end":{"line":198,"column":15}}]},"21":{"line":211,"type":"if","locations":[{"start":{"line":211,"column":8},"end":{"line":211,"column":8}},{"start":{"line":211,"column":8},"end":{"line":211,"column":8}}]},"22":{"line":215,"type":"if","locations":[{"start":{"line":215,"column":8},"end":{"line":215,"column":8}},{"start":{"line":215,"column":8},"end":{"line":215,"column":8}}]},"23":{"line":218,"type":"if","locations":[{"start":{"line":218,"column":8},"end":{"line":218,"column":8}},{"start":{"line":218,"column":8},"end":{"line":218,"column":8}}]},"24":{"line":226,"type":"if","locations":[{"start":{"line":226,"column":8},"end":{"line":226,"column":8}},{"start":{"line":226,"column":8},"end":{"line":226,"column":8}}]},"25":{"line":234,"type":"if","locations":[{"start":{"line":234,"column":8},"end":{"line":234,"column":8}},{"start":{"line":234,"column":8},"end":{"line":234,"column":8}}]},"26":{"line":244,"type":"if","locations":[{"start":{"line":244,"column":8},"end":{"line":244,"column":8}},{"start":{"line":244,"column":8},"end":{"line":244,"column":8}}]},"27":{"line":251,"type":"if","locations":[{"start":{"line":251,"column":8},"end":{"line":251,"column":8}},{"start":{"line":251,"column":8},"end":{"line":251,"column":8}}]},"28":{"line":261,"type":"if","locations":[{"start":{"line":261,"column":8},"end":{"line":261,"column":8}},{"start":{"line":261,"column":8},"end":{"line":261,"column":8}}]},"29":{"line":263,"type":"if","locations":[{"start":{"line":263,"column":15},"end":{"line":263,"column":15}},{"start":{"line":263,"column":15},"end":{"line":263,"column":15}}]},"30":{"line":268,"type":"if","locations":[{"start":{"line":268,"column":8},"end":{"line":268,"column":8}},{"start":{"line":268,"column":8},"end":{"line":268,"column":8}}]},"31":{"line":270,"type":"if","locations":[{"start":{"line":270,"column":15},"end":{"line":270,"column":15}},{"start":{"line":270,"column":15},"end":{"line":270,"column":15}}]},"32":{"line":275,"type":"if","locations":[{"start":{"line":275,"column":8},"end":{"line":275,"column":8}},{"start":{"line":275,"column":8},"end":{"line":275,"column":8}}]},"33":{"line":277,"type":"if","locations":[{"start":{"line":277,"column":15},"end":{"line":277,"column":15}},{"start":{"line":277,"column":15},"end":{"line":277,"column":15}}]},"34":{"line":293,"type":"if","locations":[{"start":{"line":293,"column":8},"end":{"line":293,"column":8}},{"start":{"line":293,"column":8},"end":{"line":293,"column":8}}]},"35":{"line":296,"type":"if","locations":[{"start":{"line":296,"column":12},"end":{"line":296,"column":12}},{"start":{"line":296,"column":12},"end":{"line":296,"column":12}}]}}},
"contracts/interfaces/ICellEvolutionNewWorld.sol":{"l":{},"path":"/home/shen/github/cell-evolution-all/packages/cell-evolution-contracts/contracts/interfaces/ICellEvolutionNewWorld.sol","s":{},"b":{},"f":{},"fnMap":{},"statementMap":{},"branchMap":{}}}
