TN:
SF:/home/shen/github/cell-evolution-all/packages/cell-evolution-contracts/contracts/CellEvolutionNewWorld.sol
FN:23,constructor
FN:31,getCellHistory
FN:35,getCellDB
FN:39,setIsOpen
FN:45,setCellno
FN:51,sethistoryno
FN:57,setVersion
FN:63,setHomeworld
FN:69,writeworld
FN:75,writecell
FN:81,dnamerge
FN:158,newinheritance
FN:163,worldtitlecheck
FN:259,inheritance
FN:287,checkdeath
FN:318,randomize
FN:322,strConcat
FN:333,toString
FNF:18
FNH:18
FNDA:18,constructor
FNDA:11,getCellHistory
FNDA:1,getCellDB
FNDA:4,setIsOpen
FNDA:2,setCellno
FNDA:2,sethistoryno
FNDA:2,setVersion
FNDA:2,setHomeworld
FNDA:10,writeworld
FNDA:2,writecell
FNDA:4,dnamerge
FNDA:1,newinheritance
FNDA:8,worldtitlecheck
FNDA:3,inheritance
FNDA:4,checkdeath
FNDA:17,randomize
FNDA:62,strConcat
FNDA:1,toString
DA:24,18
DA:25,18
DA:26,18
DA:27,18
DA:28,18
DA:32,11
DA:36,1
DA:40,4
DA:41,3
DA:42,3
DA:46,2
DA:47,1
DA:48,1
DA:52,2
DA:53,1
DA:54,1
DA:58,2
DA:59,1
DA:60,1
DA:64,2
DA:65,1
DA:66,1
DA:70,10
DA:71,9
DA:72,9
DA:76,2
DA:77,1
DA:78,1
DA:93,4
DA:95,3
DA:96,2
DA:98,1
DA:99,1
DA:101,1
DA:102,1
DA:104,1
DA:105,1
DA:106,1
DA:107,1
DA:108,1
DA:109,1
DA:110,1
DA:111,1
DA:112,1
DA:113,1
DA:115,1
DA:116,1
DA:117,1
DA:118,1
DA:119,1
DA:120,1
DA:121,1
DA:122,1
DA:123,1
DA:124,1
DA:126,1
DA:127,1
DA:128,1
DA:129,1
DA:130,1
DA:131,1
DA:132,1
DA:133,1
DA:134,1
DA:135,1
DA:136,1
DA:137,1
DA:138,1
DA:139,1
DA:140,1
DA:141,1
DA:142,1
DA:143,1
DA:144,1
DA:145,1
DA:146,1
DA:147,1
DA:149,1
DA:155,1
DA:159,1
DA:160,1
DA:164,8
DA:165,8
DA:166,5
DA:168,1
DA:170,2
DA:172,8
DA:173,5
DA:175,1
DA:177,2
DA:179,8
DA:180,5
DA:182,1
DA:184,2
DA:186,8
DA:187,5
DA:189,1
DA:191,2
DA:193,8
DA:194,5
DA:199,1
DA:204,2
DA:210,8
DA:211,8
DA:212,1
DA:215,8
DA:216,5
DA:218,8
DA:224,1
DA:226,8
DA:232,1
DA:234,8
DA:240,1
DA:243,8
DA:244,8
DA:249,1
DA:251,8
DA:252,0
DA:255,8
DA:256,8
DA:260,3
DA:261,3
DA:262,1
DA:264,1
DA:266,1
DA:268,3
DA:269,1
DA:271,1
DA:273,1
DA:275,3
DA:276,1
DA:278,1
DA:280,1
DA:283,3
DA:284,3
DA:293,4
DA:295,2
DA:296,2
DA:307,1
DA:308,1
DA:309,1
DA:310,1
DA:311,1
DA:314,4
DA:319,17
DA:323,62
DA:324,62
DA:325,62
DA:326,62
DA:327,62
DA:328,62
DA:329,62
DA:330,62
DA:334,1
DA:336,1
DA:337,1
DA:338,1
DA:339,1
DA:340,20
DA:341,20
DA:343,1
LF:161
LH:160
BRDA:40,1,0,3
BRDA:40,1,1,1
BRDA:46,2,0,1
BRDA:46,2,1,1
BRDA:52,3,0,1
BRDA:52,3,1,1
BRDA:58,4,0,1
BRDA:58,4,1,1
BRDA:64,5,0,1
BRDA:64,5,1,1
BRDA:70,6,0,9
BRDA:70,6,1,1
BRDA:76,7,0,1
BRDA:76,7,1,1
BRDA:93,8,0,3
BRDA:93,8,1,1
BRDA:95,9,0,2
BRDA:95,9,1,1
BRDA:96,10,0,1
BRDA:96,10,1,1
BRDA:165,11,0,5
BRDA:165,11,1,3
BRDA:167,12,0,1
BRDA:167,12,1,2
BRDA:172,13,0,5
BRDA:172,13,1,3
BRDA:174,14,0,1
BRDA:174,14,1,2
BRDA:179,15,0,5
BRDA:179,15,1,3
BRDA:181,16,0,1
BRDA:181,16,1,2
BRDA:186,17,0,5
BRDA:186,17,1,3
BRDA:188,18,0,1
BRDA:188,18,1,2
BRDA:193,19,0,5
BRDA:193,19,1,3
BRDA:198,20,0,1
BRDA:198,20,1,2
BRDA:211,21,0,1
BRDA:211,21,1,7
BRDA:215,22,0,5
BRDA:215,22,1,3
BRDA:218,23,0,1
BRDA:218,23,1,7
BRDA:226,24,0,1
BRDA:226,24,1,7
BRDA:234,25,0,1
BRDA:234,25,1,7
BRDA:244,26,0,1
BRDA:244,26,1,7
BRDA:251,27,0,0
BRDA:251,27,1,8
BRDA:261,28,0,1
BRDA:261,28,1,2
BRDA:263,29,0,1
BRDA:263,29,1,1
BRDA:268,30,0,1
BRDA:268,30,1,2
BRDA:270,31,0,1
BRDA:270,31,1,1
BRDA:275,32,0,1
BRDA:275,32,1,2
BRDA:277,33,0,1
BRDA:277,33,1,1
BRDA:293,34,0,2
BRDA:293,34,1,2
BRDA:296,35,0,1
BRDA:296,35,1,1
BRF:70
BRH:69
end_of_record
TN:
SF:/home/shen/github/cell-evolution-all/packages/cell-evolution-contracts/contracts/interfaces/ICellEvolutionNewWorld.sol
FNF:0
FNH:0
LF:0
LH:0
BRF:0
BRH:0
end_of_record
